2025-08-26 10:50:24,581 - INFO - Starting sensor script
2025-08-26 10:50:24,581 - INFO - Arguments: simulate=False, local=False
2025-08-26 10:50:24,581 - INFO - Scanning for devices...
2025-08-26 10:50:29,742 - INFO - Found sensor: SensorPush HTP.xw DD6
2025-08-26 10:50:29,743 - INFO - Found sensor: SensorPush HTP.xw DD6
2025-08-26 10:50:33,436 - INFO - Connected to the sensor
2025-08-26 10:50:34,434 - INFO - Sensor Readings:
2025-08-26 10:50:34,434 - INFO -   Temperature (°C): 25.34
2025-08-26 10:50:34,434 - INFO -   Relative Humidity (%): 43.65
2025-08-26 10:50:34,435 - INFO -   Barometric Pressure (Pa): 101192.79
2025-08-26 10:50:34,435 - INFO -   Battery Voltage (mV): 3.230 V (Temperature: 0.22°C)
2025-08-26 10:50:34,435 - INFO -   device_name: SensorPush HTP.xw DD6
2025-08-26 10:50:35,238 - INFO - HTTP Request: POST https://nzphxrmepotmblhcbtat.supabase.co/rest/v1/sensor_data "HTTP/2 201 Created"
2025-08-26 10:50:35,242 - INFO - Data written to Supabase successfully
2025-08-26 10:50:37,018 - INFO - Sleeping 15 minutes before next reading...
2025-08-26 11:05:37,020 - INFO - Scanning for devices...
2025-08-26 11:05:42,165 - INFO - Found sensor: SensorPush HTP.xw DD6
2025-08-26 11:05:42,165 - INFO - Found sensor: SensorPush HTP.xw DD6
2025-08-26 11:05:46,832 - ERROR - Failed to connect to sensor or read data: failed to discover services, device disconnected
2025-08-26 11:05:46,833 - INFO - Sleeping 15 minutes before next reading...
2025-08-26 11:20:46,834 - INFO - Scanning for devices...
2025-08-26 11:20:51,982 - INFO - Found sensor: SensorPush HTP.xw DD6
2025-08-26 11:20:51,982 - INFO - Found sensor: SensorPush HTP.xw DD6
2025-08-26 11:20:58,970 - INFO - Connected to the sensor
2025-08-26 11:20:59,967 - INFO - Sensor Readings:
2025-08-26 11:20:59,967 - INFO -   Temperature (°C): 27.26
2025-08-26 11:20:59,968 - INFO -   Relative Humidity (%): 41.56
2025-08-26 11:20:59,968 - INFO -   Barometric Pressure (Pa): 101185.43
2025-08-26 11:20:59,968 - INFO -   Battery Voltage (mV): 3.230 V (Temperature: 0.26°C)
2025-08-26 11:20:59,968 - INFO -   device_name: SensorPush HTP.xw DD6
2025-08-26 11:21:00,666 - INFO - HTTP Request: POST https://nzphxrmepotmblhcbtat.supabase.co/rest/v1/sensor_data "HTTP/2 201 Created"
2025-08-26 11:21:00,669 - INFO - Data written to Supabase successfully
2025-08-26 11:21:03,038 - INFO - Sleeping 15 minutes before next reading...
2025-08-26 11:36:03,038 - INFO - Scanning for devices...
2025-08-26 11:36:08,185 - INFO - Found sensor: SensorPush HTP.xw DD6
2025-08-26 11:36:08,186 - INFO - Found sensor: SensorPush HTP.xw DD6
2025-08-26 11:36:13,904 - INFO - Connected to the sensor
2025-08-26 11:36:14,900 - INFO - Sensor Readings:
2025-08-26 11:36:14,901 - INFO -   Temperature (°C): 27.7
2025-08-26 11:36:14,901 - INFO -   Relative Humidity (%): 42.8
2025-08-26 11:36:14,901 - INFO -   Barometric Pressure (Pa): 101169.13
2025-08-26 11:36:14,901 - INFO -   Battery Voltage (mV): 3.230 V (Temperature: 0.26°C)
2025-08-26 11:36:14,901 - INFO -   device_name: SensorPush HTP.xw DD6
2025-08-26 11:36:15,621 - INFO - HTTP Request: POST https://nzphxrmepotmblhcbtat.supabase.co/rest/v1/sensor_data "HTTP/2 201 Created"
2025-08-26 11:36:15,623 - INFO - Data written to Supabase successfully
2025-08-26 11:36:18,020 - INFO - Sleeping 15 minutes before next reading...
2025-08-26 11:51:18,021 - INFO - Scanning for devices...
2025-08-26 11:51:23,180 - INFO - Found sensor: SensorPush HTP.xw DD6
2025-08-26 11:51:23,180 - INFO - Found sensor: SensorPush HTP.xw DD6
2025-08-26 11:51:26,055 - INFO - Connected to the sensor
2025-08-26 11:51:27,002 - INFO - Sensor Readings:
2025-08-26 11:51:27,003 - INFO -   Temperature (°C): 27.75
2025-08-26 11:51:27,003 - INFO -   Relative Humidity (%): 41.4
2025-08-26 11:51:27,003 - INFO -   Barometric Pressure (Pa): 101173.87
2025-08-26 11:51:27,003 - INFO -   Battery Voltage (mV): 3.230 V (Temperature: 0.26°C)
2025-08-26 11:51:27,003 - INFO -   device_name: SensorPush HTP.xw DD6
2025-08-26 11:51:28,117 - INFO - HTTP Request: POST https://nzphxrmepotmblhcbtat.supabase.co/rest/v1/sensor_data "HTTP/2 201 Created"
2025-08-26 11:51:28,119 - INFO - Data written to Supabase successfully
2025-08-26 11:51:30,025 - INFO - Sleeping 15 minutes before next reading...
2025-08-26 12:06:30,026 - INFO - Scanning for devices...
2025-08-26 12:06:35,173 - INFO - Found sensor: SensorPush HTP.xw DD6
2025-08-26 12:06:35,173 - INFO - Found sensor: SensorPush HTP.xw DD6
2025-08-26 12:06:39,472 - INFO - Connected to the sensor
2025-08-26 12:06:40,419 - INFO - Sensor Readings:
2025-08-26 12:06:40,420 - INFO -   Temperature (°C): 29.17
2025-08-26 12:06:40,420 - INFO -   Relative Humidity (%): 37.94
2025-08-26 12:06:40,420 - INFO -   Barometric Pressure (Pa): 101153.88
2025-08-26 12:06:40,420 - INFO -   Battery Voltage (mV): 3.230 V (Temperature: 0.26°C)
2025-08-26 12:06:40,420 - INFO -   device_name: SensorPush HTP.xw DD6
2025-08-26 12:06:40,838 - INFO - HTTP Request: POST https://nzphxrmepotmblhcbtat.supabase.co/rest/v1/sensor_data "HTTP/2 201 Created"
2025-08-26 12:06:40,841 - INFO - Data written to Supabase successfully
2025-08-26 12:06:43,053 - INFO - Sleeping 15 minutes before next reading...
2025-08-26 12:21:43,054 - INFO - Scanning for devices...
2025-08-26 12:21:48,198 - INFO - Found sensor: SensorPush HTP.xw DD6
2025-08-26 12:21:48,198 - INFO - Found sensor: SensorPush HTP.xw DD6
2025-08-26 12:21:51,912 - INFO - Connected to the sensor
2025-08-26 12:21:52,860 - INFO - Sensor Readings:
2025-08-26 12:21:52,861 - INFO -   Temperature (°C): 29.44
2025-08-26 12:21:52,861 - INFO -   Relative Humidity (%): 37.42
2025-08-26 12:21:52,861 - INFO -   Barometric Pressure (Pa): 101149.34
2025-08-26 12:21:52,861 - INFO -   Battery Voltage (mV): 3.230 V (Temperature: 0.29°C)
2025-08-26 12:21:52,861 - INFO -   device_name: SensorPush HTP.xw DD6
2025-08-26 12:21:53,622 - INFO - HTTP Request: POST https://nzphxrmepotmblhcbtat.supabase.co/rest/v1/sensor_data "HTTP/2 201 Created"
2025-08-26 12:21:53,625 - INFO - Data written to Supabase successfully
2025-08-26 12:21:56,031 - INFO - Sleeping 15 minutes before next reading...
2025-08-26 12:36:56,032 - INFO - Scanning for devices...
2025-08-26 12:37:01,192 - INFO - Found sensor: SensorPush HTP.xw DD6
2025-08-26 12:37:01,192 - INFO - Found sensor: SensorPush HTP.xw DD6
2025-08-26 12:37:05,428 - INFO - Connected to the sensor
2025-08-26 12:37:06,374 - INFO - Sensor Readings:
2025-08-26 12:37:06,374 - INFO -   Temperature (°C): 34.37
2025-08-26 12:37:06,374 - INFO -   Relative Humidity (%): 35.19
2025-08-26 12:37:06,374 - INFO -   Barometric Pressure (Pa): 101132.55
2025-08-26 12:37:06,375 - INFO -   Battery Voltage (mV): 3.230 V (Temperature: 0.33°C)
2025-08-26 12:37:06,375 - INFO -   device_name: SensorPush HTP.xw DD6
2025-08-26 12:37:06,837 - INFO - HTTP Request: POST https://nzphxrmepotmblhcbtat.supabase.co/rest/v1/sensor_data "HTTP/2 201 Created"
2025-08-26 12:37:06,841 - INFO - Data written to Supabase successfully
2025-08-26 12:37:09,056 - INFO - Sleeping 15 minutes before next reading...
2025-08-26 12:52:09,057 - INFO - Scanning for devices...
2025-08-26 12:52:14,200 - INFO - Found sensor: SensorPush HTP.xw DD6
2025-08-26 12:52:14,201 - INFO - Found sensor: SensorPush HTP.xw DD6
2025-08-26 12:52:18,164 - INFO - Connected to the sensor
2025-08-26 12:52:19,110 - INFO - Sensor Readings:
2025-08-26 12:52:19,110 - INFO -   Temperature (°C): 35.39
2025-08-26 12:52:19,111 - INFO -   Relative Humidity (%): 31.83
2025-08-26 12:52:19,111 - INFO -   Barometric Pressure (Pa): 101147.53
2025-08-26 12:52:19,111 - INFO -   Battery Voltage (mV): 3.230 V (Temperature: 0.33°C)
2025-08-26 12:52:19,111 - INFO -   device_name: SensorPush HTP.xw DD6
2025-08-26 12:52:20,043 - INFO - HTTP Request: POST https://nzphxrmepotmblhcbtat.supabase.co/rest/v1/sensor_data "HTTP/2 201 Created"
2025-08-26 12:52:20,045 - INFO - Data written to Supabase successfully
2025-08-26 12:52:22,378 - INFO - Sleeping 15 minutes before next reading...
2025-08-26 13:07:22,379 - INFO - Scanning for devices...
2025-08-26 13:07:27,552 - INFO - Found sensor: SensorPush HTP.xw DD6
2025-08-26 13:07:27,552 - INFO - Found sensor: SensorPush HTP.xw DD6
2025-08-26 13:07:31,291 - INFO - Connected to the sensor
2025-08-26 13:07:32,334 - INFO - Sensor Readings:
2025-08-26 13:07:32,334 - INFO -   Temperature (°C): 41.82
2025-08-26 13:07:32,335 - INFO -   Relative Humidity (%): 26.23
2025-08-26 13:07:32,335 - INFO -   Barometric Pressure (Pa): 101142.03
2025-08-26 13:07:32,335 - INFO -   Battery Voltage (mV): 3.230 V (Temperature: 0.41°C)
2025-08-26 13:07:32,335 - INFO -   device_name: SensorPush HTP.xw DD6
2025-08-26 13:07:32,817 - INFO - HTTP Request: POST https://nzphxrmepotmblhcbtat.supabase.co/rest/v1/sensor_data "HTTP/2 201 Created"
2025-08-26 13:07:32,821 - INFO - Data written to Supabase successfully
2025-08-26 13:07:35,017 - INFO - Sleeping 15 minutes before next reading...
2025-08-26 13:22:35,018 - INFO - Scanning for devices...
2025-08-26 13:22:40,165 - INFO - Found sensor: SensorPush HTP.xw DD6
2025-08-26 13:22:40,165 - INFO - Found sensor: SensorPush HTP.xw DD6
2025-08-26 13:22:47,247 - INFO - Connected to the sensor
2025-08-26 13:22:48,239 - INFO - Sensor Readings:
2025-08-26 13:22:48,240 - INFO -   Temperature (°C): 38.2
2025-08-26 13:22:48,240 - INFO -   Relative Humidity (%): 28.33
2025-08-26 13:22:48,240 - INFO -   Barometric Pressure (Pa): 101165.09
2025-08-26 13:22:48,240 - INFO -   Battery Voltage (mV): 3.230 V (Temperature: 0.37°C)
2025-08-26 13:22:48,240 - INFO -   device_name: SensorPush HTP.xw DD6
2025-08-26 13:22:48,868 - INFO - HTTP Request: POST https://nzphxrmepotmblhcbtat.supabase.co/rest/v1/sensor_data "HTTP/2 201 Created"
2025-08-26 13:22:48,871 - INFO - Data written to Supabase successfully
2025-08-26 13:22:51,016 - INFO - Sleeping 15 minutes before next reading...
2025-08-26 13:37:51,017 - INFO - Scanning for devices...
2025-08-26 13:37:56,182 - INFO - Found sensor: SensorPush HTP.xw DD6
2025-08-26 13:37:56,182 - INFO - Found sensor: SensorPush HTP.xw DD6
2025-08-26 13:37:59,140 - INFO - Connected to the sensor
2025-08-26 13:38:00,082 - INFO - Sensor Readings:
2025-08-26 13:38:00,082 - INFO -   Temperature (°C): 40.34
2025-08-26 13:38:00,082 - INFO -   Relative Humidity (%): 27.01
2025-08-26 13:38:00,082 - INFO -   Barometric Pressure (Pa): 101168.74
2025-08-26 13:38:00,083 - INFO -   Battery Voltage (mV): 3.230 V (Temperature: 0.41°C)
2025-08-26 13:38:00,083 - INFO -   device_name: SensorPush HTP.xw DD6
2025-08-26 13:38:00,506 - INFO - HTTP Request: POST https://nzphxrmepotmblhcbtat.supabase.co/rest/v1/sensor_data "HTTP/2 201 Created"
2025-08-26 13:38:00,510 - INFO - Data written to Supabase successfully
2025-08-26 13:38:03,057 - INFO - Sleeping 15 minutes before next reading...
2025-08-26 13:53:03,058 - INFO - Scanning for devices...
2025-08-26 13:53:08,229 - INFO - Found sensor: SensorPush HTP.xw DD6
2025-08-26 13:53:08,229 - INFO - Found sensor: SensorPush HTP.xw DD6
2025-08-26 13:53:12,428 - INFO - Connected to the sensor
2025-08-26 13:53:13,470 - INFO - Sensor Readings:
2025-08-26 13:53:13,470 - INFO -   Temperature (°C): 30.07
2025-08-26 13:53:13,470 - INFO -   Relative Humidity (%): 35.59
2025-08-26 13:53:13,470 - INFO -   Barometric Pressure (Pa): 101156.19
2025-08-26 13:53:13,470 - INFO -   Battery Voltage (mV): 3.230 V (Temperature: 0.29°C)
2025-08-26 13:53:13,471 - INFO -   device_name: SensorPush HTP.xw DD6
2025-08-26 13:53:14,053 - INFO - HTTP Request: POST https://nzphxrmepotmblhcbtat.supabase.co/rest/v1/sensor_data "HTTP/2 201 Created"
2025-08-26 13:53:14,055 - INFO - Data written to Supabase successfully
2025-08-26 13:53:16,057 - INFO - Sleeping 15 minutes before next reading...
2025-08-26 14:08:16,058 - INFO - Scanning for devices...
2025-08-26 14:08:21,223 - INFO - Found sensor: SensorPush HTP.xw DD6
2025-08-26 14:08:21,223 - INFO - Found sensor: SensorPush HTP.xw DD6
2025-08-26 14:08:27,950 - INFO - Connected to the sensor
2025-08-26 14:08:28,941 - INFO - Sensor Readings:
2025-08-26 14:08:28,942 - INFO -   Temperature (°C): 27.97
2025-08-26 14:08:28,942 - INFO -   Relative Humidity (%): 37.5
2025-08-26 14:08:28,942 - INFO -   Barometric Pressure (Pa): 101156.42
2025-08-26 14:08:28,942 - INFO -   Battery Voltage (mV): 3.230 V (Temperature: 0.26°C)
2025-08-26 14:08:28,942 - INFO -   device_name: SensorPush HTP.xw DD6
2025-08-26 14:08:29,459 - INFO - HTTP Request: POST https://nzphxrmepotmblhcbtat.supabase.co/rest/v1/sensor_data "HTTP/2 201 Created"
2025-08-26 14:08:29,462 - INFO - Data written to Supabase successfully
2025-08-26 14:08:32,063 - INFO - Sleeping 15 minutes before next reading...
2025-08-26 14:20:04,863 - INFO - Starting sensor script
2025-08-26 14:20:04,863 - INFO - Arguments: simulate=False, local=False
2025-08-26 14:20:04,864 - INFO - Scanning for devices...
2025-08-26 14:20:10,001 - INFO - Found sensor: SensorPush HTP.xw DD6
2025-08-26 14:20:10,001 - INFO - Found sensor: SensorPush HTP.xw DD6
2025-08-26 14:20:17,829 - INFO - Connected to the sensor
2025-08-26 14:20:18,878 - INFO - Sensor Readings:
2025-08-26 14:20:18,878 - INFO -   Temperature (°C): 27.5
2025-08-26 14:20:18,878 - INFO -   Relative Humidity (%): 37.63
2025-08-26 14:20:18,879 - INFO -   Barometric Pressure (Pa): 101151.93
2025-08-26 14:20:18,879 - INFO -   Battery Voltage (mV): 3.230 V (Temperature: 0.26°C)
2025-08-26 14:20:18,879 - INFO -   device_name: SensorPush HTP.xw DD6
2025-08-26 14:20:19,387 - INFO - HTTP Request: POST https://nzphxrmepotmblhcbtat.supabase.co/rest/v1/sensor_data "HTTP/2 201 Created"
2025-08-26 14:20:19,391 - INFO - Data written to Supabase successfully
2025-08-26 14:20:19,495 - INFO - HTTP Request: POST https://nzphxrmepotmblhcbtat.supabase.co/rest/v1/sensor_data "HTTP/2 201 Created"
2025-08-26 14:20:19,497 - INFO - Data written to Supabase successfully
2025-08-26 14:20:22,047 - INFO - Sleeping 15 minutes before next reading...
Another instance of the script is already running. Exiting.
Another instance of the script is already running. Exiting.
Another instance of the script is already running. Exiting.
2025-08-26 14:31:35,868 - INFO - Starting sensor script
2025-08-26 14:31:35,868 - INFO - Arguments: simulate=False, local=False
2025-08-26 14:31:35,868 - INFO - Scanning for devices...
2025-08-26 14:31:41,023 - INFO - Found sensor: SensorPush HTP.xw DD6
2025-08-26 14:31:41,023 - INFO - Found sensor: SensorPush HTP.xw DD6
2025-08-26 14:31:47,971 - INFO - Connected to the sensor
2025-08-26 14:31:48,972 - INFO - Sensor Readings:
2025-08-26 14:31:48,972 - INFO -   Temperature (°C): 26.42
2025-08-26 14:31:48,972 - INFO -   Relative Humidity (%): 38.99
2025-08-26 14:31:48,973 - INFO -   Barometric Pressure (Pa): 101150.43
2025-08-26 14:31:48,973 - INFO -   Battery Voltage (mV): 3.230 V (Temperature: 0.26°C)
2025-08-26 14:31:48,973 - INFO -   device_name: SensorPush HTP.xw DD6
2025-08-26 14:31:49,446 - INFO - HTTP Request: POST https://nzphxrmepotmblhcbtat.supabase.co/rest/v1/sensor_data "HTTP/2 201 Created"
2025-08-26 14:31:49,450 - INFO - Data written to Supabase successfully
2025-08-26 14:31:52,044 - INFO - Sleeping 15 minutes before next reading...
